{
  "RSpec": {
    "coverage": {
      "/Users/wyatt/1mod/projects/enigma/spec/encryptor_spec.rb": {
        "lines": [
          1,
          1,
          null,
          1,
          1,
          5,
          null,
          null,
          1,
          1,
          null,
          null,
          1,
          1,
          1,
          1,
          1,
          null,
          null,
          1,
          1,
          null,
          null,
          1,
          null,
          1,
          1,
          1,
          1,
          1,
          null,
          null,
          1,
          1,
          1,
          null,
          null
        ]
      },
      "/Users/wyatt/1mod/projects/enigma/lib/encryptor.rb": {
        "lines": [
          1,
          1,
          1,
          1,
          5,
          5,
          5,
          null,
          null,
          1,
          2,
          10,
          null,
          null,
          null,
          1,
          1,
          1,
          1,
          1,
          1,
          null,
          null,
          1,
          1,
          1,
          1,
          1,
          1,
          null,
          null,
          null
        ]
      },
      "/Users/wyatt/1mod/projects/enigma/spec/enigma_spec.rb": {
        "lines": [
          1,
          null,
          1,
          1,
          null,
          null
        ]
      },
      "/Users/wyatt/1mod/projects/enigma/lib/enigma.rb": {
        "lines": [
          1,
          null,
          1,
          1,
          1,
          null,
          1,
          0,
          0,
          null,
          null,
          1,
          0,
          0,
          0,
          null,
          null,
          null,
          1,
          0,
          0,
          null,
          null
        ]
      },
      "/Users/wyatt/1mod/projects/enigma/lib/reader_writer.rb": {
        "lines": [
          1,
          null,
          1,
          0,
          null,
          null,
          1,
          0,
          null,
          null,
          null
        ]
      }
    },
    "timestamp": 1655155368
  }
}
