{
  "RSpec": {
    "coverage": {
      "/Users/wyatt/1mod/projects/enigma/spec/enigma_spec.rb": {
        "lines": [
          1,
          1,
          null,
          1,
          1,
          10,
          null,
          null,
          1,
          1,
          null,
          null,
          1,
          1,
          1,
          1,
          1,
          null,
          null,
          1,
          1,
          null,
          null,
          1,
          1,
          null,
          null,
          1,
          1,
          null,
          1,
          1,
          1,
          1,
          null,
          null,
          1,
          1,
          null,
          null,
          1,
          1,
          1,
          1,
          1,
          1,
          null,
          null,
          1,
          1,
          1,
          null,
          null,
          1,
          null,
          1,
          null,
          null,
          null,
          1,
          1,
          null,
          null
        ]
      },
      "/Users/wyatt/1mod/projects/enigma/lib/enigma.rb": {
        "lines": [
          1,
          1,
          1,
          1,
          16,
          16,
          16,
          16,
          16,
          null,
          null,
          1,
          6,
          30,
          null,
          null,
          null,
          1,
          8,
          null,
          null,
          1,
          7,
          7,
          7,
          7,
          null,
          null,
          1,
          7,
          7,
          7,
          7,
          7,
          null,
          null,
          1,
          7,
          7,
          7,
          7,
          null,
          null,
          1,
          3,
          3,
          3,
          3,
          33,
          null,
          9,
          9,
          24,
          null,
          9,
          9,
          15,
          9,
          9,
          6,
          6,
          6,
          null,
          null,
          null,
          null,
          1,
          1,
          1,
          1,
          1,
          11,
          3,
          3,
          3,
          8,
          null,
          3,
          3,
          3,
          5,
          3,
          3,
          3,
          2,
          2,
          2,
          2,
          null,
          null,
          null,
          null
        ]
      },
      "/Users/wyatt/1mod/projects/enigma/spec/translator_spec.rb": {
        "lines": [
          null,
          1,
          null,
          null,
          1,
          1,
          6,
          null,
          null,
          null,
          1,
          1,
          null,
          null,
          1,
          1,
          null,
          null,
          1,
          1,
          null,
          null,
          1,
          1,
          null,
          null,
          1,
          1,
          null,
          null,
          1,
          1,
          1,
          null,
          null,
          null
        ]
      },
      "/Users/wyatt/1mod/projects/enigma/lib/translator.rb": {
        "lines": [
          1,
          1,
          1,
          null,
          1,
          1,
          6,
          6,
          6,
          6,
          6,
          6,
          null,
          null,
          1,
          0,
          0,
          null,
          null,
          null,
          null,
          1,
          1,
          1,
          null,
          0,
          null,
          null,
          null,
          null,
          1,
          5,
          null,
          null,
          null,
          1,
          2,
          null,
          null,
          1,
          2,
          2,
          2,
          2,
          2,
          null,
          0,
          null,
          2,
          null,
          null,
          1,
          1,
          null,
          null,
          1,
          1,
          null,
          null,
          null,
          null
        ]
      }
    },
    "timestamp": 1655247568
  }
}
